<?xml version="1.0" encoding="UTF-8"?>
<!-- Generated by org.testng.reporters.JUnitReportReporter -->
<testsuite hostname="HIJ-WS043" failures="0" tests="1" name="com.ivl.CucumberProjectEcommerce.AppTest" time="0.006" errors="0" timestamp="2021-12-15T12:14:41 IST" skipped="0">
  <testcase classname="com.ivl.CucumberProjectEcommerce.AppTest" name="shouldAnswerWithTrue" time="0.006"/>
  <system-out/>
</testsuite> <!-- com.ivl.CucumberProjectEcommerce.AppTest -->
