<?xml version="1.0" encoding="UTF-8"?>
<!-- Generated by org.testng.reporters.JUnitReportReporter -->
<testsuite hostname="HIJ-WS043" failures="0" tests="5" name="TestRunners.RegistrationTest" time="0.206" errors="5" timestamp="2021-12-13T12:56:41 IST" skipped="0">
  <testcase classname="TestRunners.RegistrationTest" name="runScenario" time="0.093">
    <error type="java.lang.NullPointerException">
      <![CDATA[java.lang.NullPointerException
at com.qa.utils.TestBase.initializeDriver(TestBase.java:36)
at StepDefinitions.LoginStep.browser_is_open(LoginStep.java:27)
at ✽.browser is open(file:///C:/Users/Mahalakshmi.Athani/eclipse-workspace/CucumberProjectEcommerce/src/test/resources/AppFeatures/Login.feature:4)
]]>
    </error>
  </testcase> <!-- runScenario -->
  <system-out/>
  <testcase classname="TestRunners.RegistrationTest" name="runScenario" time="0.023">
    <error type="java.lang.NullPointerException">
      <![CDATA[java.lang.NullPointerException
at com.qa.utils.TestBase.initializeDriver(TestBase.java:36)
at StepDefinitions.LoginStep.browser_is_open(LoginStep.java:27)
at ✽.browser is open(file:///C:/Users/Mahalakshmi.Athani/eclipse-workspace/CucumberProjectEcommerce/src/test/resources/AppFeatures/Login.feature:4)
]]>
    </error>
  </testcase> <!-- runScenario -->
  <system-out/>
  <testcase classname="TestRunners.RegistrationTest" name="runScenario" time="0.035">
    <error type="java.lang.NullPointerException">
      <![CDATA[java.lang.NullPointerException
at com.qa.utils.TestBase.initializeDriver(TestBase.java:36)
at StepDefinitions.LoginStep.browser_is_open(LoginStep.java:27)
at ✽.browser is open(file:///C:/Users/Mahalakshmi.Athani/eclipse-workspace/CucumberProjectEcommerce/src/test/resources/AppFeatures/Login.feature:4)
]]>
    </error>
  </testcase> <!-- runScenario -->
  <system-out/>
  <testcase classname="TestRunners.RegistrationTest" name="runScenario" time="0.028">
    <error type="java.lang.NullPointerException">
      <![CDATA[java.lang.NullPointerException
at com.qa.utils.TestBase.initializeDriver(TestBase.java:36)
at StepDefinitions.LoginStep.browser_is_open(LoginStep.java:27)
at ✽.browser is open(file:///C:/Users/Mahalakshmi.Athani/eclipse-workspace/CucumberProjectEcommerce/src/test/resources/AppFeatures/Login.feature:4)
]]>
    </error>
  </testcase> <!-- runScenario -->
  <system-out/>
  <testcase classname="TestRunners.RegistrationTest" name="runScenario" time="0.027">
    <error type="java.lang.NullPointerException">
      <![CDATA[java.lang.NullPointerException
at com.qa.utils.TestBase.initializeDriver(TestBase.java:36)
at StepDefinitions.LoginStep.browser_is_open(LoginStep.java:27)
at ✽.browser is open(file:///C:/Users/Mahalakshmi.Athani/eclipse-workspace/CucumberProjectEcommerce/src/test/resources/AppFeatures/Login.feature:4)
]]>
    </error>
  </testcase> <!-- runScenario -->
  <system-out/>
</testsuite> <!-- TestRunners.RegistrationTest -->
