<?xml version="1.0" encoding="UTF-8"?>
<!-- Generated by org.testng.reporters.JUnitReportReporter -->
<testsuite hostname="HIJ-WS043" failures="0" tests="2" name="TestRunners.AddToCart" time="14.884" errors="2" timestamp="2021-12-01T12:03:25 IST" skipped="0">
  <testcase classname="TestRunners.AddToCart" name="runScenario" time="8.145">
    <error type="java.lang.NullPointerException">
      <![CDATA[java.lang.NullPointerException
at StepDefinitions.AddToCartStep.user_removes_product_from_the_cart(AddToCartStep.java:51)
at ✽.user removes product from the cart(file:///C:/Users/Mahalakshmi.Athani/eclipse-workspace/CucumberProjectEcommerce/src/test/resources/AppFeatures/AddToCart.feature:14)
]]>
    </error>
  </testcase> <!-- runScenario -->
  <system-out/>
  <testcase classname="TestRunners.AddToCart" name="runScenario" time="6.739">
    <error type="java.lang.NullPointerException">
      <![CDATA[java.lang.NullPointerException
at StepDefinitions.AddToCartStep.user_adds_the_prodcuts(AddToCartStep.java:37)
at ✽.user adds the prodcuts(file:///C:/Users/Mahalakshmi.Athani/eclipse-workspace/CucumberProjectEcommerce/src/test/resources/AppFeatures/AddToCart.feature:10)
]]>
    </error>
  </testcase> <!-- runScenario -->
  <system-out/>
</testsuite> <!-- TestRunners.AddToCart -->
